This is pdfTeX, Version 3.14159265-2.6-1.40.19 (MiKTeX 2.9.6630 64-bit) (preloaded format=pdflatex 2018.6.19)  6 NOV 2018 08:24
entering extended mode
**./bayes_sql_1105.tex
(bayes_sql_1105.tex
LaTeX2e <2017-04-15>
Babel <3.18> and hyphenation patterns for 75 language(s) loaded.
("C:\Users\jd033\AppData\Local\Programs\MiKTeX 2.9\tex\latex\base\article.cls"
Document Class: article 2014/09/29 v1.4h Standard LaTeX document class
("C:\Users\jd033\AppData\Local\Programs\MiKTeX 2.9\tex\latex\base\size10.clo"
File: size10.clo 2014/09/29 v1.4h Standard LaTeX file (size option)
)
\c@part=\count79
\c@section=\count80
\c@subsection=\count81
\c@subsubsection=\count82
\c@paragraph=\count83
\c@subparagraph=\count84
\c@figure=\count85
\c@table=\count86
\abovecaptionskip=\skip41
\belowcaptionskip=\skip42
\bibindent=\dimen102
)
("C:\Users\jd033\AppData\Local\Programs\MiKTeX 2.9\tex\latex\psnfss\palatino.st
y"
Package: palatino 2005/04/12 PSNFSS-v9.2a (SPQR) 
)
("C:\Users\jd033\AppData\Local\Programs\MiKTeX 2.9\tex\latex\ltxmisc\parskip.st
y"
Package: parskip 2001/04/09 non-zero parskip adjustments
)
("C:\Users\jd033\AppData\Local\Programs\MiKTeX 2.9\tex\latex\amsmath\amsmath.st
y"
Package: amsmath 2017/09/02 v2.17a AMS math features
\@mathmargin=\skip43

For additional information on amsmath, use the `?' option.

("C:\Users\jd033\AppData\Local\Programs\MiKTeX 2.9\tex\latex\amsmath\amstext.st
y"
Package: amstext 2000/06/29 v2.01 AMS text

("C:\Users\jd033\AppData\Local\Programs\MiKTeX 2.9\tex\latex\amsmath\amsgen.sty
"
File: amsgen.sty 1999/11/30 v2.0 generic functions
\@emptytoks=\toks14
\ex@=\dimen103
))
("C:\Users\jd033\AppData\Local\Programs\MiKTeX 2.9\tex\latex\amsmath\amsbsy.sty
"
Package: amsbsy 1999/11/29 v1.2d Bold Symbols
\pmbraise@=\dimen104
)
("C:\Users\jd033\AppData\Local\Programs\MiKTeX 2.9\tex\latex\amsmath\amsopn.sty
"
Package: amsopn 2016/03/08 v2.02 operator names
)
\inf@bad=\count87
LaTeX Info: Redefining \frac on input line 213.
\uproot@=\count88
\leftroot@=\count89
LaTeX Info: Redefining \overline on input line 375.
\classnum@=\count90
\DOTSCASE@=\count91
LaTeX Info: Redefining \ldots on input line 472.
LaTeX Info: Redefining \dots on input line 475.
LaTeX Info: Redefining \cdots on input line 596.
\Mathstrutbox@=\box26
\strutbox@=\box27
\big@size=\dimen105
LaTeX Font Info:    Redeclaring font encoding OML on input line 712.
LaTeX Font Info:    Redeclaring font encoding OMS on input line 713.
\macc@depth=\count92
\c@MaxMatrixCols=\count93
\dotsspace@=\muskip10
\c@parentequation=\count94
\dspbrk@lvl=\count95
\tag@help=\toks15
\row@=\count96
\column@=\count97
\maxfields@=\count98
\andhelp@=\toks16
\eqnshift@=\dimen106
\alignsep@=\dimen107
\tagshift@=\dimen108
\tagwidth@=\dimen109
\totwidth@=\dimen110
\lineht@=\dimen111
\@envbody=\toks17
\multlinegap=\skip44
\multlinetaggap=\skip45
\mathdisplay@stack=\toks18
LaTeX Info: Redefining \[ on input line 2817.
LaTeX Info: Redefining \] on input line 2818.
)
("C:\Users\jd033\AppData\Local\Programs\MiKTeX 2.9\tex\latex\amsfonts\amssymb.s
ty"
Package: amssymb 2013/01/14 v3.01 AMS font symbols

("C:\Users\jd033\AppData\Local\Programs\MiKTeX 2.9\tex\latex\amsfonts\amsfonts.
sty"
Package: amsfonts 2013/01/14 v3.01 Basic AMSFonts support
\symAMSa=\mathgroup4
\symAMSb=\mathgroup5
LaTeX Font Info:    Overwriting math alphabet `\mathfrak' in version `bold'
(Font)                  U/euf/m/n --> U/euf/b/n on input line 106.
))
("C:\Users\jd033\AppData\Local\Programs\MiKTeX 2.9\tex\latex\amscls\amsthm.sty"
Package: amsthm 2017/10/31 v2.20.4
\thm@style=\toks19
\thm@bodyfont=\toks20
\thm@headfont=\toks21
\thm@notefont=\toks22
\thm@headpunct=\toks23
\thm@preskip=\skip46
\thm@postskip=\skip47
\thm@headsep=\skip48
\dth@everypar=\toks24
)
("C:\Users\jd033\AppData\Local\Programs\MiKTeX 2.9\tex\latex\geometry\geometry.
sty"
Package: geometry 2010/09/12 v5.6 Page Geometry

("C:\Users\jd033\AppData\Local\Programs\MiKTeX 2.9\tex\latex\graphics\keyval.st
y"
Package: keyval 2014/10/28 v1.15 key=value parser (DPC)
\KV@toks@=\toks25
)
("C:\Users\jd033\AppData\Local\Programs\MiKTeX 2.9\tex\generic\oberdiek\ifpdf.s
ty"
Package: ifpdf 2017/03/15 v3.2 Provides the ifpdf switch
)
("C:\Users\jd033\AppData\Local\Programs\MiKTeX 2.9\tex\generic\oberdiek\ifvtex.
sty"
Package: ifvtex 2016/05/16 v1.6 Detect VTeX and its facilities (HO)
Package ifvtex Info: VTeX not detected.
)
("C:\Users\jd033\AppData\Local\Programs\MiKTeX 2.9\tex\generic\ifxetex\ifxetex.
sty"
Package: ifxetex 2010/09/12 v0.6 Provides ifxetex conditional
)
\Gm@cnth=\count99
\Gm@cntv=\count100
\c@Gm@tempcnt=\count101
\Gm@bindingoffset=\dimen112
\Gm@wd@mp=\dimen113
\Gm@odd@mp=\dimen114
\Gm@even@mp=\dimen115
\Gm@layoutwidth=\dimen116
\Gm@layoutheight=\dimen117
\Gm@layouthoffset=\dimen118
\Gm@layoutvoffset=\dimen119
\Gm@dimlist=\toks26

("C:\Users\jd033\AppData\Local\Programs\MiKTeX 2.9\tex\latex\geometry\geometry.
cfg"))
("C:\Users\jd033\AppData\Local\Programs\MiKTeX 2.9\tex\latex\setspace\setspace.
sty"
Package: setspace 2011/12/19 v6.7a set line spacing
)
("C:\Users\jd033\AppData\Local\Programs\MiKTeX 2.9\tex\latex\graphics\graphicx.
sty"
Package: graphicx 2017/06/01 v1.1a Enhanced LaTeX Graphics (DPC,SPQR)

("C:\Users\jd033\AppData\Local\Programs\MiKTeX 2.9\tex\latex\graphics\graphics.
sty"
Package: graphics 2017/06/25 v1.2c Standard LaTeX Graphics (DPC,SPQR)

("C:\Users\jd033\AppData\Local\Programs\MiKTeX 2.9\tex\latex\graphics\trig.sty"
Package: trig 2016/01/03 v1.10 sin cos tan (DPC)
)
("C:\Users\jd033\AppData\Local\Programs\MiKTeX 2.9\tex\latex\graphics-cfg\graph
ics.cfg"
File: graphics.cfg 2016/06/04 v1.11 sample graphics configuration
)
Package graphics Info: Driver file: pdftex.def on input line 99.

("C:\Users\jd033\AppData\Local\Programs\MiKTeX 2.9\tex\latex\graphics-def\pdfte
x.def"
File: pdftex.def 2018/01/08 v1.0l Graphics/color driver for pdftex
))
\Gin@req@height=\dimen120
\Gin@req@width=\dimen121
)
("C:\Users\jd033\AppData\Local\Programs\MiKTeX 2.9\tex\latex\wrapfig\wrapfig.st
y"
\wrapoverhang=\dimen122
\WF@size=\dimen123
\c@WF@wrappedlines=\count102
\WF@box=\box28
\WF@everypar=\toks27
Package: wrapfig 2003/01/31  v 3.6
)
("C:\Users\jd033\AppData\Local\Programs\MiKTeX 2.9\tex\latex\oberdiek\epstopdf.
sty"
Package: epstopdf 2016/05/15 v2.6 Conversion with epstopdf on the fly (HO)

("C:\Users\jd033\AppData\Local\Programs\MiKTeX 2.9\tex\latex\oberdiek\epstopdf-
base.sty"
Package: epstopdf-base 2016/05/15 v2.6 Base part for package epstopdf

("C:\Users\jd033\AppData\Local\Programs\MiKTeX 2.9\tex\generic\oberdiek\infware
rr.sty"
Package: infwarerr 2016/05/16 v1.4 Providing info/warning/error messages (HO)
)
("C:\Users\jd033\AppData\Local\Programs\MiKTeX 2.9\tex\latex\oberdiek\grfext.st
y"
Package: grfext 2016/05/16 v1.2 Manage graphics extensions (HO)

("C:\Users\jd033\AppData\Local\Programs\MiKTeX 2.9\tex\generic\oberdiek\kvdefin
ekeys.sty"
Package: kvdefinekeys 2016/05/16 v1.4 Define keys (HO)

("C:\Users\jd033\AppData\Local\Programs\MiKTeX 2.9\tex\generic\oberdiek\ltxcmds
.sty"
Package: ltxcmds 2016/05/16 v1.23 LaTeX kernel commands for general use (HO)
)))
("C:\Users\jd033\AppData\Local\Programs\MiKTeX 2.9\tex\latex\oberdiek\kvoptions
.sty"
Package: kvoptions 2016/05/16 v3.12 Key value format for package options (HO)

("C:\Users\jd033\AppData\Local\Programs\MiKTeX 2.9\tex\generic\oberdiek\kvsetke
ys.sty"
Package: kvsetkeys 2016/05/16 v1.17 Key value parser (HO)

("C:\Users\jd033\AppData\Local\Programs\MiKTeX 2.9\tex\generic\oberdiek\etexcmd
s.sty"
Package: etexcmds 2016/05/16 v1.6 Avoid name clashes with e-TeX commands (HO)

("C:\Users\jd033\AppData\Local\Programs\MiKTeX 2.9\tex\generic\oberdiek\ifluate
x.sty"
Package: ifluatex 2016/05/16 v1.4 Provides the ifluatex switch (HO)
Package ifluatex Info: LuaTeX not detected.
)
Package etexcmds Info: Could not find \expanded.
(etexcmds)             That can mean that you are not using pdfTeX 1.50 or
(etexcmds)             that some package has redefined \expanded.
(etexcmds)             In the latter case, load this package earlier.
)))
("C:\Users\jd033\AppData\Local\Programs\MiKTeX 2.9\tex\generic\oberdiek\pdftexc
mds.sty"
Package: pdftexcmds 2018/01/21 v0.26 Utility functions of pdfTeX for LuaTeX (HO
)
Package pdftexcmds Info: LuaTeX not detected.
Package pdftexcmds Info: \pdf@primitive is available.
Package pdftexcmds Info: \pdf@ifprimitive is available.
Package pdftexcmds Info: \pdfdraftmode found.
)
Package epstopdf-base Info: Redefining graphics rule for `.eps' on input line 4
38.
Package grfext Info: Graphics extension search list:
(grfext)             [.pdf,.png,.jpg,.mps,.jpeg,.jbig2,.jb2,.PDF,.PNG,.JPG,.JPE
G,.JBIG2,.JB2,.eps]
(grfext)             \AppendGraphicsExtensions on input line 456.
))
("C:\Users\jd033\AppData\Local\Programs\MiKTeX 2.9\tex\latex\caption\subcaption
.sty"
Package: subcaption 2018/05/01 v1.1-162 Sub-captions (AR)

("C:\Users\jd033\AppData\Local\Programs\MiKTeX 2.9\tex\latex\caption\caption.st
y"
Package: caption 2018/05/01 v3.3-147 Customizing captions (AR)

("C:\Users\jd033\AppData\Local\Programs\MiKTeX 2.9\tex\latex\caption\caption3.s
ty"
Package: caption3 2018/05/27 v1.8a caption3 kernel (AR)
Package caption3 Info: TeX engine: e-TeX on input line 64.
\captionmargin=\dimen124
\captionmargin@=\dimen125
\captionwidth=\dimen126
\caption@tempdima=\dimen127
\caption@indent=\dimen128
\caption@parindent=\dimen129
\caption@hangindent=\dimen130
)
\c@ContinuedFloat=\count103
Package caption Info: wrapfig package is loaded.
)
\c@subfigure=\count104
\c@subtable=\count105
)
("C:\Users\jd033\AppData\Local\Programs\MiKTeX 2.9\tex\latex\multirow\multirow.
sty"
Package: multirow 2016/11/25 v2.2 Span multiple rows of a table
\multirow@colwidth=\skip49
\multirow@cntb=\count106
\multirow@dima=\skip50
\bigstrutjot=\dimen131
)
("C:\Users\jd033\AppData\Local\Programs\MiKTeX 2.9\tex\latex\units\nicefrac.sty
"
Package: nicefrac 1998/08/04 v0.9b Nice fractions
\L@UnitsRaiseDisplaystyle=\skip51
\L@UnitsRaiseTextstyle=\skip52
\L@UnitsRaiseScriptstyle=\skip53
 ("C:\Users\jd033\AppData\Local\Programs\MiKTeX 2.9\tex\latex\base\ifthen.sty"
Package: ifthen 2014/09/29 v1.1c Standard LaTeX ifthen package (DPC)
)) ("C:\Users\jd033\AppData\Local\Programs\MiKTeX 2.9\tex\latex\float\float.sty
"
Package: float 2001/11/08 v1.3d Float enhancements (AL)
\c@float@type=\count107
\float@exts=\toks28
\float@box=\box29
\@float@everytoks=\toks29
\@floatcapt=\box30
)
("C:\Users\jd033\AppData\Local\Programs\MiKTeX 2.9\tex\latex\titlesec\titlesec.
sty"
Package: titlesec 2016/03/21 v2.10.2 Sectioning titles
\ttl@box=\box31
\beforetitleunit=\skip54
\aftertitleunit=\skip55
\ttl@plus=\dimen132
\ttl@minus=\dimen133
\ttl@toksa=\toks30
\titlewidth=\dimen134
\titlewidthlast=\dimen135
\titlewidthfirst=\dimen136
)
("C:\Users\jd033\AppData\Local\Programs\MiKTeX 2.9\tex\latex\tools\array.sty"
Package: array 2016/10/06 v2.4d Tabular extension package (FMi)
\col@sep=\dimen137
\extrarowheight=\dimen138
\NC@list=\toks31
\extratabsurround=\skip56
\backup@length=\skip57
)
("C:\Users\jd033\AppData\Local\Programs\MiKTeX 2.9\tex\latex\url\url.sty"
\Urlmuskip=\muskip11
Package: url 2013/09/16  ver 3.4  Verb mode for urls, etc.
)
("C:\Users\jd033\AppData\Local\Programs\MiKTeX 2.9\tex\latex\hyperref\hyperref.
sty"
Package: hyperref 2018/02/06 v6.86b Hypertext links for LaTeX

("C:\Users\jd033\AppData\Local\Programs\MiKTeX 2.9\tex\generic\oberdiek\hobsub-
hyperref.sty"
Package: hobsub-hyperref 2016/05/16 v1.14 Bundle oberdiek, subset hyperref (HO)


("C:\Users\jd033\AppData\Local\Programs\MiKTeX 2.9\tex\generic\oberdiek\hobsub-
generic.sty"
Package: hobsub-generic 2016/05/16 v1.14 Bundle oberdiek, subset generic (HO)
Package: hobsub 2016/05/16 v1.14 Construct package bundles (HO)
Package hobsub Info: Skipping package `infwarerr' (already loaded).
Package hobsub Info: Skipping package `ltxcmds' (already loaded).
Package hobsub Info: Skipping package `ifluatex' (already loaded).
Package hobsub Info: Skipping package `ifvtex' (already loaded).
Package: intcalc 2016/05/16 v1.2 Expandable calculations with integers (HO)
Package hobsub Info: Skipping package `ifpdf' (already loaded).
Package hobsub Info: Skipping package `etexcmds' (already loaded).
Package hobsub Info: Skipping package `kvsetkeys' (already loaded).
Package hobsub Info: Skipping package `kvdefinekeys' (already loaded).
Package hobsub Info: Skipping package `pdftexcmds' (already loaded).
Package: pdfescape 2016/05/16 v1.14 Implements pdfTeX's escape features (HO)
Package: bigintcalc 2016/05/16 v1.4 Expandable calculations on big integers (HO
)
Package: bitset 2016/05/16 v1.2 Handle bit-vector datatype (HO)
Package: uniquecounter 2016/05/16 v1.3 Provide unlimited unique counter (HO)
)
Package hobsub Info: Skipping package `hobsub' (already loaded).
Package: letltxmacro 2016/05/16 v1.5 Let assignment for LaTeX macros (HO)
Package: hopatch 2016/05/16 v1.3 Wrapper for package hooks (HO)
Package: xcolor-patch 2016/05/16 xcolor patch
Package: atveryend 2016/05/16 v1.9 Hooks at the very end of document (HO)
Package atveryend Info: \enddocument detected (standard20110627).
Package: atbegshi 2016/06/09 v1.18 At begin shipout hook (HO)
Package: refcount 2016/05/16 v3.5 Data extraction from label references (HO)
Package: hycolor 2016/05/16 v1.8 Color options for hyperref/bookmark (HO)
)
("C:\Users\jd033\AppData\Local\Programs\MiKTeX 2.9\tex\latex\oberdiek\auxhook.s
ty"
Package: auxhook 2016/05/16 v1.4 Hooks for auxiliary files (HO)
)
\@linkdim=\dimen139
\Hy@linkcounter=\count108
\Hy@pagecounter=\count109

("C:\Users\jd033\AppData\Local\Programs\MiKTeX 2.9\tex\latex\hyperref\pd1enc.de
f"
File: pd1enc.def 2018/02/06 v6.86b Hyperref: PDFDocEncoding definition (HO)
)
\Hy@SavedSpaceFactor=\count110

("C:\Users\jd033\AppData\Local\Programs\MiKTeX 2.9\tex\latex\00miktex\hyperref.
cfg"
File: hyperref.cfg 2002/06/06 v1.2 hyperref configuration of TeXLive
)
Package hyperref Info: Option `colorlinks' set `true' on input line 4383.
Package hyperref Info: Hyper figures OFF on input line 4509.
Package hyperref Info: Link nesting OFF on input line 4514.
Package hyperref Info: Hyper index ON on input line 4517.
Package hyperref Info: Plain pages OFF on input line 4524.
Package hyperref Info: Backreferencing OFF on input line 4529.
Package hyperref Info: Implicit mode ON; LaTeX internals redefined.
Package hyperref Info: Bookmarks ON on input line 4762.
\c@Hy@tempcnt=\count111
LaTeX Info: Redefining \url on input line 5115.
\XeTeXLinkMargin=\dimen140
\Fld@menulength=\count112
\Field@Width=\dimen141
\Fld@charsize=\dimen142
Package hyperref Info: Hyper figures OFF on input line 6369.
Package hyperref Info: Link nesting OFF on input line 6374.
Package hyperref Info: Hyper index ON on input line 6377.
Package hyperref Info: backreferencing OFF on input line 6384.
Package hyperref Info: Link coloring ON on input line 6387.
Package hyperref Info: Link coloring with OCG OFF on input line 6394.
Package hyperref Info: PDF/A mode OFF on input line 6399.
LaTeX Info: Redefining \ref on input line 6439.
LaTeX Info: Redefining \pageref on input line 6443.
\Hy@abspage=\count113
\c@Item=\count114
\c@Hfootnote=\count115
)
Package hyperref Info: Driver (autodetected): hpdftex.

("C:\Users\jd033\AppData\Local\Programs\MiKTeX 2.9\tex\latex\hyperref\hpdftex.d
ef"
File: hpdftex.def 2018/02/06 v6.86b Hyperref driver for pdfTeX
\Fld@listcount=\count116
\c@bookmark@seq@number=\count117

("C:\Users\jd033\AppData\Local\Programs\MiKTeX 2.9\tex\latex\oberdiek\rerunfile
check.sty"
Package: rerunfilecheck 2016/05/16 v1.8 Rerun checks for auxiliary files (HO)
Package uniquecounter Info: New unique counter `rerunfilecheck' on input line 2
82.
)
\Hy@SectionHShift=\skip58
)
("C:\Users\jd033\AppData\Local\Programs\MiKTeX 2.9\tex\latex\natbib\natbib.sty"
Package: natbib 2010/09/13 8.31b (PWD, AO)
\bibhang=\skip59
\bibsep=\skip60
LaTeX Info: Redefining \cite on input line 694.
\c@NAT@ctr=\count118
)
("C:\Users\jd033\AppData\Local\Programs\MiKTeX 2.9\tex\latex\algorithm2e\algori
thm2e.sty"
Package: algorithm2e 2017/07/18 v5.2 algorithms environments
\c@AlgoLine=\count119
\algocf@hangindent=\skip61

("C:\Users\jd033\AppData\Local\Programs\MiKTeX 2.9\tex\latex\ifoddpage\ifoddpag
e.sty"
Package: ifoddpage 2016/04/23 v1.1 Conditionals for odd/even page detection
\c@checkoddpage=\count120
)
("C:\Users\jd033\AppData\Local\Programs\MiKTeX 2.9\tex\latex\tools\xspace.sty"
Package: xspace 2014/10/28 v1.13 Space after command names (DPC,MH)
)
("C:\Users\jd033\AppData\Local\Programs\MiKTeX 2.9\tex\latex\ltxmisc\relsize.st
y"
Package: relsize 2003/07/04 ver 3.1
)
\skiptotal=\skip62
\skiplinenumber=\skip63
\skiprule=\skip64
\skiphlne=\skip65
\skiptext=\skip66
\skiplength=\skip67
\algomargin=\skip68
\skipalgocfslide=\skip69
\algowidth=\dimen143
\inoutsize=\dimen144
\inoutindent=\dimen145
\interspacetitleruled=\dimen146
\interspacealgoruled=\dimen147
\interspacetitleboxruled=\dimen148
\algocf@ruledwidth=\skip70
\algocf@inoutbox=\box32
\algocf@inputbox=\box33
\AlCapSkip=\skip71
\AlCapHSkip=\skip72
\algoskipindent=\skip73
\algocf@nlbox=\box34
\algocf@hangingbox=\box35
\algocf@untilbox=\box36
\algocf@skipuntil=\skip74
\algocf@capbox=\box37
\algocf@lcaptionbox=\skip75
\algoheightruledefault=\skip76
\algoheightrule=\skip77
\algotitleheightruledefault=\skip78
\algotitleheightrule=\skip79
\c@algocfline=\count121
\c@algocfproc=\count122
\c@algocf=\count123
\algocf@algoframe=\box38
\algocf@algobox=\box39
)
\@input{math-commandsB.aux}
\openout2 = `math-commandsB.aux'.

(math-commandsB.tex
\c@theorem=\count124

("C:\Users\jd033\AppData\Local\Programs\MiKTeX 2.9\tex\latex\booktabs\booktabs.
sty"
Package: booktabs 2005/04/14 v1.61803 publication quality tables
\heavyrulewidth=\dimen149
\lightrulewidth=\dimen150
\cmidrulewidth=\dimen151
\belowrulesep=\dimen152
\belowbottomsep=\dimen153
\aboverulesep=\dimen154
\abovetopsep=\dimen155
\cmidrulesep=\dimen156
\cmidrulekern=\dimen157
\defaultaddspace=\dimen158
\@cmidla=\count125
\@cmidlb=\count126
\@aboverulesep=\dimen159
\@belowrulesep=\dimen160
\@thisruleclass=\count127
\@lastruleclass=\count128
\@thisrulewidth=\dimen161
)
\rowc=\count129
) (bayes_sql_1105.aux

LaTeX Warning: Label `eq:v_i' multiply defined.

)
\openout1 = `bayes_sql_1105.aux'.

LaTeX Font Info:    Checking defaults for OML/cmm/m/it on input line 113.
LaTeX Font Info:    ... okay on input line 113.
LaTeX Font Info:    Checking defaults for T1/cmr/m/n on input line 113.
LaTeX Font Info:    ... okay on input line 113.
LaTeX Font Info:    Checking defaults for OT1/cmr/m/n on input line 113.
LaTeX Font Info:    ... okay on input line 113.
LaTeX Font Info:    Checking defaults for OMS/cmsy/m/n on input line 113.
LaTeX Font Info:    ... okay on input line 113.
LaTeX Font Info:    Checking defaults for OMX/cmex/m/n on input line 113.
LaTeX Font Info:    ... okay on input line 113.
LaTeX Font Info:    Checking defaults for U/cmr/m/n on input line 113.
LaTeX Font Info:    ... okay on input line 113.
LaTeX Font Info:    Checking defaults for PD1/pdf/m/n on input line 113.
LaTeX Font Info:    ... okay on input line 113.
LaTeX Font Info:    Try loading font information for OT1+ppl on input line 113.

 ("C:\Users\jd033\AppData\Local\Programs\MiKTeX 2.9\tex\latex\psnfss\ot1ppl.fd"
File: ot1ppl.fd 2001/06/04 font definitions for OT1/ppl.
)
*geometry* driver: auto-detecting
*geometry* detected driver: pdftex
*geometry* verbose mode - [ preamble ] result:
* driver: pdftex
* paper: <default>
* layout: <same size as paper>
* layoutoffset:(h,v)=(0.0pt,0.0pt)
* modes: 
* h-part:(L,W,R)=(96.0pt, 422.295pt, 96.0pt)
* v-part:(T,H,B)=(96.0pt, 602.96999pt, 96.0pt)
* \paperwidth=614.295pt
* \paperheight=794.96999pt
* \textwidth=433.62pt
* \textheight=650.43pt
* \oddsidemargin=0.0pt
* \evensidemargin=0.0pt
* \topmargin=-36.0pt
* \headheight=12.0pt
* \headsep=25.0pt
* \topskip=10.0pt
* \footskip=30.0pt
* \marginparwidth=65.0pt
* \marginparsep=11.0pt
* \columnsep=10.0pt
* \skip\footins=9.0pt plus 4.0pt minus 2.0pt
* \hoffset=0.0pt
* \voffset=0.0pt
* \mag=1000
* \@twocolumnfalse
* \@twosidefalse
* \@mparswitchfalse
* \@reversemarginfalse
* (1in=72.27pt=25.4mm, 1cm=28.453pt)


("C:\Users\jd033\AppData\Local\Programs\MiKTeX 2.9\tex\context\base\supp-pdf.mk
ii"
[Loading MPS to PDF converter (version 2006.09.02).]
\scratchcounter=\count130
\scratchdimen=\dimen162
\scratchbox=\box40
\nofMPsegments=\count131
\nofMParguments=\count132
\everyMPshowfont=\toks32
\MPscratchCnt=\count133
\MPscratchDim=\dimen163
\MPnumerator=\count134
\makeMPintoPDFobject=\count135
\everyMPtoPDFconversion=\toks33
)
Package caption Info: Begin \AtBeginDocument code.
Package caption Info: float package is loaded.
Package caption Info: hyperref package is loaded.
Package caption Info: End \AtBeginDocument code.
\AtBeginShipoutBox=\box41

("C:\Users\jd033\AppData\Local\Programs\MiKTeX 2.9\tex\latex\graphics\color.sty
"
Package: color 2016/07/10 v1.1e Standard LaTeX Color (DPC)

("C:\Users\jd033\AppData\Local\Programs\MiKTeX 2.9\tex\latex\graphics-cfg\color
.cfg"
File: color.cfg 2016/01/02 v1.6 sample color configuration
)
Package color Info: Driver file: pdftex.def on input line 147.
)
Package hyperref Info: Link coloring ON on input line 113.

("C:\Users\jd033\AppData\Local\Programs\MiKTeX 2.9\tex\latex\hyperref\nameref.s
ty"
Package: nameref 2016/05/21 v2.44 Cross-referencing by name of section

("C:\Users\jd033\AppData\Local\Programs\MiKTeX 2.9\tex\generic\oberdiek\gettitl
estring.sty"
Package: gettitlestring 2016/05/16 v1.5 Cleanup title references (HO)
)
\c@section@level=\count136
)
LaTeX Info: Redefining \ref on input line 113.
LaTeX Info: Redefining \pageref on input line 113.
LaTeX Info: Redefining \nameref on input line 113.
 (bayes_sql_1105.out) (bayes_sql_1105.out)
\@outlinefile=\write3
\openout3 = `bayes_sql_1105.out'.

LaTeX Font Info:    Try loading font information for U+msa on input line 117.

("C:\Users\jd033\AppData\Local\Programs\MiKTeX 2.9\tex\latex\amsfonts\umsa.fd"
File: umsa.fd 2013/01/14 v3.01 AMS symbols A
)
LaTeX Font Info:    Try loading font information for U+msb on input line 117.
("C:\Users\jd033\AppData\Local\Programs\MiKTeX 2.9\tex\latex\amsfonts\umsb.fd"
File: umsb.fd 2013/01/14 v3.01 AMS symbols B
)
LaTeX Font Info:    Try loading font information for OMS+ppl on input line 117.

("C:\Users\jd033\AppData\Local\Programs\MiKTeX 2.9\tex\latex\psnfss\omsppl.fd"
File: omsppl.fd 
)
LaTeX Font Info:    Font shape `OMS/ppl/m/n' in size <8> not available
(Font)              Font shape `OMS/cmsy/m/n' tried instead on input line 117.
LaTeX Font Info:    Font shape `OMS/ppl/m/n' in size <6> not available
(Font)              Font shape `OMS/cmsy/m/n' tried instead on input line 117.
LaTeX Font Info:    Font shape `OT1/ppl/bx/n' in size <9> not available
(Font)              Font shape `OT1/ppl/b/n' tried instead on input line 118.
LaTeX Font Info:    Font shape `OT1/ppl/bx/n' in size <10> not available
(Font)              Font shape `OT1/ppl/b/n' tried instead on input line 123.

Overfull \hbox (3.69518pt too wide) in paragraph at lines 123--125
\OT1/ppl/b/n/10 Keywords: \OT1/ppl/m/n/10 Bayesian; Shrink-age prior; Global-Lo
cal prior, Sparse sig-nal re-cov-ery; High-dimensional
 []

LaTeX Font Info:    Font shape `OT1/ppl/bx/n' in size <14.4> not available
(Font)              Font shape `OT1/ppl/b/n' tried instead on input line 127.
[1



{C:/Users/jd033/AppData/Local/MiKTeX/2.9/pdftex/config/pdftex.map}] [2]
[3]
LaTeX Font Info:    Font shape `OMS/ppl/m/n' in size <10> not available
(Font)              Font shape `OMS/cmsy/m/n' tried instead on input line 210.


LaTeX Warning: Reference `sec:post-prop' on page 4 undefined on input line 210.


LaTeX Font Info:    Font shape `OT1/ppl/bx/n' in size <7> not available
(Font)              Font shape `OT1/ppl/b/n' tried instead on input line 215.
LaTeX Font Info:    Font shape `OT1/ppl/bx/n' in size <12> not available
(Font)              Font shape `OT1/ppl/b/n' tried instead on input line 216.
LaTeX Font Info:    Font shape `OT1/ppl/bx/n' in size <8> not available
(Font)              Font shape `OT1/ppl/b/n' tried instead on input line 216.
LaTeX Font Info:    Font shape `OT1/ppl/bx/n' in size <6> not available
(Font)              Font shape `OT1/ppl/b/n' tried instead on input line 216.

Package hyperref Warning: Token not allowed in a PDF string (PDFDocEncoding):
(hyperref)                removing `math shift' on input line 216.


Package hyperref Warning: Token not allowed in a PDF string (PDFDocEncoding):
(hyperref)                removing `\@ifnextchar' on input line 216.


Package hyperref Warning: Token not allowed in a PDF string (PDFDocEncoding):
(hyperref)                removing `math shift' on input line 216.

[4]

Package hyperref Warning: Token not allowed in a PDF string (PDFDocEncoding):
(hyperref)                removing `math shift' on input line 272.


Package hyperref Warning: Token not allowed in a PDF string (PDFDocEncoding):
(hyperref)                removing `\@ifnextchar' on input line 272.


Package hyperref Warning: Token not allowed in a PDF string (PDFDocEncoding):
(hyperref)                removing `math shift' on input line 272.

[5] [6]

Package hyperref Warning: Token not allowed in a PDF string (PDFDocEncoding):
(hyperref)                removing `math shift' on input line 370.


Package hyperref Warning: Token not allowed in a PDF string (PDFDocEncoding):
(hyperref)                removing `\@ifnextchar' on input line 370.


Package hyperref Warning: Token not allowed in a PDF string (PDFDocEncoding):
(hyperref)                removing `math shift' on input line 370.

[7] [8]

Package hyperref Warning: Token not allowed in a PDF string (PDFDocEncoding):
(hyperref)                removing `math shift' on input line 464.


Package hyperref Warning: Token not allowed in a PDF string (PDFDocEncoding):
(hyperref)                removing `\sigma' on input line 464.


Package hyperref Warning: Token not allowed in a PDF string (PDFDocEncoding):
(hyperref)                removing `math shift' on input line 464.

<art/effect_of_sigma.pdf, id=267, 494.84875pt x 407.5225pt>
File: art/effect_of_sigma.pdf Graphic file (type pdf)
<use art/effect_of_sigma.pdf>
Package pdftex.def Info: art/effect_of_sigma.pdf  used on input line 479.
(pdftex.def)             Requested size: 390.25534pt x 321.38582pt.
[9] [10 <./art/effect_of_sigma.pdf>]
Overfull \hbox (6.23631pt too wide) in paragraph at lines 510--511
\OT1/ppl/m/n/10 sentable con-di-tion num-ber, $\OML/cmm/m/it/10 []$ \OT1/ppl/m
/n/10 for Lasso,the Horse-shoe prior, the Bayesian-$[]$ and the Dirichlet-
 []

<Irrep_model_selec_n100p60_q50_2groups.pdf, id=299, 499.8675pt x 498.86375pt>
File: Irrep_model_selec_n100p60_q50_2groups.pdf Graphic file (type pdf)
<use Irrep_model_selec_n100p60_q50_2groups.pdf>
Package pdftex.def Info: Irrep_model_selec_n100p60_q50_2groups.pdf  used on inp
ut line 519.
(pdftex.def)             Requested size: 195.12767pt x 194.73116pt.
<Irrep_MSE_selec_n100p60_q50_2groups.pdf, id=300, 499.8675pt x 498.86375pt>
File: Irrep_MSE_selec_n100p60_q50_2groups.pdf Graphic file (type pdf)
<use Irrep_MSE_selec_n100p60_q50_2groups.pdf>
Package pdftex.def Info: Irrep_MSE_selec_n100p60_q50_2groups.pdf  used on input
 line 525.
(pdftex.def)             Requested size: 195.12767pt x 194.73116pt.
[11] [12 <./Irrep_model_selec_n100p60_q50_2groups.pdf> <./Irrep_MSE_selec_n100p
60_q50_2groups.pdf>]
<Sparsity_MSP_n=p.pdf, id=334, 513.92pt x 504.88625pt>
File: Sparsity_MSP_n=p.pdf Graphic file (type pdf)
<use Sparsity_MSP_n=p.pdf>
Package pdftex.def Info: Sparsity_MSP_n=p.pdf  used on input line 608.
(pdftex.def)             Requested size: 346.90454pt x 144.5412pt.
<Sparsity_MSE_high_n=p.pdf, id=335, 860.21375pt x 498.86375pt>
File: Sparsity_MSE_high_n=p.pdf Graphic file (type pdf)
<use Sparsity_MSE_high_n=p.pdf>
Package pdftex.def Info: Sparsity_MSE_high_n=p.pdf  used on input line 615.
(pdftex.def)             Requested size: 346.90144pt x 144.53737pt.
 [13] [14 <./Sparsity_MSP_n=p.pdf> <./Sparsity_MSE_high_n=p.pdf>]
<Tau_hs.pdf, id=365, 619.31375pt x 425.59pt>
File: Tau_hs.pdf Graphic file (type pdf)
<use Tau_hs.pdf>
Package pdftex.def Info: Tau_hs.pdf  used on input line 676.
(pdftex.def)             Requested size: 210.33708pt x 144.54pt.

Overfull \hbox (2.20134pt too wide) in paragraph at lines 676--676
 [][] 
 []

<Tau_dl.pdf, id=366, 619.31375pt x 425.59pt>
File: Tau_dl.pdf Graphic file (type pdf)
<use Tau_dl.pdf>
Package pdftex.def Info: Tau_dl.pdf  used on input line 681.
(pdftex.def)             Requested size: 210.33708pt x 144.54pt.

Overfull \hbox (2.20134pt too wide) in paragraph at lines 681--681
 [][] 
 []

[15 <./Tau_hs.pdf> <./Tau_dl.pdf>] [16] (bayes_sql_1105.bbl [17]
LaTeX Font Info:    Try loading font information for OT1+pcr on input line 71.

("C:\Users\jd033\AppData\Local\Programs\MiKTeX 2.9\tex\latex\psnfss\ot1pcr.fd"
File: ot1pcr.fd 2001/06/04 font definitions for OT1/pcr.
) [18])
Package atveryend Info: Empty hook `BeforeClearDocument' on input line 762.
 [19]
Package atveryend Info: Empty hook `AfterLastShipout' on input line 762.
 (bayes_sql_1105.aux)
Package atveryend Info: Executing hook `AtVeryEndDocument' on input line 762.
Package atveryend Info: Executing hook `AtEndAfterFileList' on input line 762.
Package rerunfilecheck Info: File `bayes_sql_1105.out' has not changed.
(rerunfilecheck)             Checksum: 28D6B56589F53E4C4055D6A158CEA006;1170.


LaTeX Warning: There were undefined references.


LaTeX Warning: There were multiply-defined labels.

Package atveryend Info: Empty hook `AtVeryVeryEnd' on input line 762.
 ) 
Here is how much of TeX's memory you used:
 10142 strings out of 493305
 155133 string characters out of 3129802
 265392 words of memory out of 3000000
 13377 multiletter control sequences out of 15000+200000
 36835 words of font info for 110 fonts, out of 3000000 for 9000
 1141 hyphenation exceptions out of 8191
 42i,16n,40p,1642b,546s stack positions out of 5000i,500n,10000p,200000b,50000s
{C:/Users/jd033/AppData/Local/Programs/MiKTeX 2.9/fonts/enc/dvips/base/8r.enc
}<C:/Users/jd033/AppData/Local/Programs/MiKTeX 2.9/fonts/type1/public/amsfonts/
cm/cmbx10.pfb><C:/Users/jd033/AppData/Local/Programs/MiKTeX 2.9/fonts/type1/pub
lic/amsfonts/cm/cmbx7.pfb><C:/Users/jd033/AppData/Local/Programs/MiKTeX 2.9/fon
ts/type1/public/amsfonts/cm/cmex10.pfb><C:/Users/jd033/AppData/Local/Programs/M
iKTeX 2.9/fonts/type1/public/amsfonts/cm/cmmi10.pfb><C:/Users/jd033/AppData/Loc
al/Programs/MiKTeX 2.9/fonts/type1/public/amsfonts/cm/cmmi12.pfb><C:/Users/jd03
3/AppData/Local/Programs/MiKTeX 2.9/fonts/type1/public/amsfonts/cm/cmmi5.pfb><C
:/Users/jd033/AppData/Local/Programs/MiKTeX 2.9/fonts/type1/public/amsfonts/cm/
cmmi7.pfb><C:/Users/jd033/AppData/Local/Programs/MiKTeX 2.9/fonts/type1/public/
amsfonts/cm/cmmi9.pfb><C:/Users/jd033/AppData/Local/Programs/MiKTeX 2.9/fonts/t
ype1/public/amsfonts/cm/cmmib10.pfb><C:/Users/jd033/AppData/Local/Programs/MiKT
eX 2.9/fonts/type1/public/amsfonts/cmextra/cmmib7.pfb><C:/Users/jd033/AppData/L
ocal/Programs/MiKTeX 2.9/fonts/type1/public/amsfonts/cmextra/cmmib9.pfb><C:/Use
rs/jd033/AppData/Local/Programs/MiKTeX 2.9/fonts/type1/public/amsfonts/cm/cmr10
.pfb><C:/Users/jd033/AppData/Local/Programs/MiKTeX 2.9/fonts/type1/public/amsfo
nts/cm/cmr5.pfb><C:/Users/jd033/AppData/Local/Programs/MiKTeX 2.9/fonts/type1/p
ublic/amsfonts/cm/cmr6.pfb><C:/Users/jd033/AppData/Local/Programs/MiKTeX 2.9/fo
nts/type1/public/amsfonts/cm/cmr7.pfb><C:/Users/jd033/AppData/Local/Programs/Mi
KTeX 2.9/fonts/type1/public/amsfonts/cm/cmsy10.pfb><C:/Users/jd033/AppData/Loca
l/Programs/MiKTeX 2.9/fonts/type1/public/amsfonts/cm/cmsy5.pfb><C:/Users/jd033/
AppData/Local/Programs/MiKTeX 2.9/fonts/type1/public/amsfonts/cm/cmsy6.pfb><C:/
Users/jd033/AppData/Local/Programs/MiKTeX 2.9/fonts/type1/public/amsfonts/cm/cm
sy7.pfb><C:/Users/jd033/AppData/Local/Programs/MiKTeX 2.9/fonts/type1/public/am
sfonts/cm/cmsy8.pfb><C:/Users/jd033/AppData/Local/Programs/MiKTeX 2.9/fonts/typ
e1/public/amsfonts/cm/cmsy9.pfb><C:/Users/jd033/AppData/Local/Programs/MiKTeX 2
.9/fonts/type1/urw/courier/ucrr8a.pfb><C:/Users/jd033/AppData/Local/Programs/Mi
KTeX 2.9/fonts/type1/urw/palatino/uplb8a.pfb><C:/Users/jd033/AppData/Local/Prog
rams/MiKTeX 2.9/fonts/type1/urw/palatino/uplr8a.pfb><C:/Users/jd033/AppData/Loc
al/Programs/MiKTeX 2.9/fonts/type1/urw/palatino/uplri8a.pfb>
Output written on bayes_sql_1105.pdf (19 pages, 465480 bytes).
PDF statistics:
 562 PDF objects out of 1000 (max. 8388607)
 104 named destinations out of 1000 (max. 500000)
 156 words of extra memory for PDF output out of 10000 (max. 10000000)

