This is pdfTeX, Version 3.14159265-2.6-1.40.21 (MiKTeX 21.1) (preloaded format=pdflatex 2021.1.30)  11 SEP 2024 22:15
entering extended mode
**./bayes-sql-fmt-1106.tex
(bayes-sql-fmt-1106.tex
LaTeX2e <2020-10-01> patch level 4
L3 programming layer <2021-01-09> xparse <2020-03-03>
("C:\Program Files\MiKTeX\tex/latex/etoolbox\etoolbox.sty"
Package: etoolbox 2020/10/05 v2.5k e-TeX tools for LaTeX (JAW)
\etb@tempcnta=\count177
) (imsart.cls
Document Class: imsart 2010/04/27 driver class for package imsart.sty
("C:\Program Files\MiKTeX\tex/latex/base\article.cls"
Document Class: article 2020/04/10 v1.4m Standard LaTeX document class
("C:\Program Files\MiKTeX\tex/latex/base\size10.clo"
File: size10.clo 2020/04/10 v1.4m Standard LaTeX file (size option)
)
\c@part=\count178
\c@section=\count179
\c@subsection=\count180
\c@subsubsection=\count181
\c@paragraph=\count182
\c@subparagraph=\count183
\c@figure=\count184
\c@table=\count185
\abovecaptionskip=\skip47
\belowcaptionskip=\skip48
\bibindent=\dimen138
) (imsart.sty
File: imsart.sty 2014/10/16IMS article style (VS)

No file imsart.cnf.
\c@firstpage=\count186
\c@lastpage=\count187
\c@thanks=\count188
\c@addressref=\count189
("C:\Program Files\MiKTeX\tex/latex/graphics\keyval.sty"
Package: keyval 2014/10/28 v1.15 key=value parser (DPC)
\KV@toks@=\toks15
)
\c@emailref=\count190
\c@author=\count191
\c@address=\count192
\sv@mathsurround=\dimen139
\sv@parindent=\dimen140
\fm@box=\box47
\fm@size=\dimen141
\t@xtheight=\dimen142
\abstract@box=\box48
\keyword@box=\box49
\pre@kwd@depth=\dimen143

("C:\Program Files\MiKTeX\tex/latex/base\fix-cm.sty"
Package: fix-cm 2015/01/14 v1.1t fixes to LaTeX

("C:\Program Files\MiKTeX\tex/latex/base\ts1enc.def"
File: ts1enc.def 2001/06/05 v3.0e (jk/car/fm) Standard LaTeX file
LaTeX Font Info:    Redeclaring font encoding TS1 on input line 47.
))
\authors@list=\toks16
\keywords@list=\toks17

No file imsart-ba.cnf.
)) (C:\Users\jyotishka\AppData\Roaming\MiKTeX\tex/latex/amscls\amsthm.sty
Package: amsthm 2020/05/29 v2.20.6
\thm@style=\toks18
\thm@bodyfont=\toks19
\thm@headfont=\toks20
\thm@notefont=\toks21
\thm@headpunct=\toks22
\thm@preskip=\skip49
\thm@postskip=\skip50
\thm@headsep=\skip51
\dth@everypar=\toks23
)
("C:\Program Files\MiKTeX\tex/latex/amsmath\amsmath.sty"
Package: amsmath 2020/09/23 v2.17i AMS math features
\@mathmargin=\skip52

For additional information on amsmath, use the `?' option.
("C:\Program Files\MiKTeX\tex/latex/amsmath\amstext.sty"
Package: amstext 2000/06/29 v2.01 AMS text

("C:\Program Files\MiKTeX\tex/latex/amsmath\amsgen.sty"
File: amsgen.sty 1999/11/30 v2.0 generic functions
\@emptytoks=\toks24
\ex@=\dimen144
))
("C:\Program Files\MiKTeX\tex/latex/amsmath\amsbsy.sty"
Package: amsbsy 1999/11/29 v1.2d Bold Symbols
\pmbraise@=\dimen145
)
("C:\Program Files\MiKTeX\tex/latex/amsmath\amsopn.sty"
Package: amsopn 2016/03/08 v2.02 operator names
)
\inf@bad=\count193
LaTeX Info: Redefining \frac on input line 234.
\uproot@=\count194
\leftroot@=\count195
LaTeX Info: Redefining \overline on input line 399.
\classnum@=\count196
\DOTSCASE@=\count197
LaTeX Info: Redefining \ldots on input line 496.
LaTeX Info: Redefining \dots on input line 499.
LaTeX Info: Redefining \cdots on input line 620.
\Mathstrutbox@=\box50
\strutbox@=\box51
\big@size=\dimen146
LaTeX Font Info:    Redeclaring font encoding OML on input line 743.
LaTeX Font Info:    Redeclaring font encoding OMS on input line 744.
\macc@depth=\count198
\c@MaxMatrixCols=\count199
\dotsspace@=\muskip16
\c@parentequation=\count266
\dspbrk@lvl=\count267
\tag@help=\toks25
\row@=\count268
\column@=\count269
\maxfields@=\count270
\andhelp@=\toks26
\eqnshift@=\dimen147
\alignsep@=\dimen148
\tagshift@=\dimen149
\tagwidth@=\dimen150
\totwidth@=\dimen151
\lineht@=\dimen152
\@envbody=\toks27
\multlinegap=\skip53
\multlinetaggap=\skip54
\mathdisplay@stack=\toks28
LaTeX Info: Redefining \[ on input line 2923.
LaTeX Info: Redefining \] on input line 2924.
)
(C:\Users\jyotishka\AppData\Roaming\MiKTeX\tex/latex/natbib\natbib.sty
Package: natbib 2010/09/13 8.31b (PWD, AO)
\bibhang=\skip55
\bibsep=\skip56
LaTeX Info: Redefining \cite on input line 694.
\c@NAT@ctr=\count271
)
("C:\Program Files\MiKTeX\tex/latex/hyperref\hyperref.sty"
Package: hyperref 2020-05-15 v7.00e Hypertext links for LaTeX

(C:\Users\jyotishka\AppData\Roaming\MiKTeX\tex/generic/ltxcmds\ltxcmds.sty
Package: ltxcmds 2020-05-10 v1.25 LaTeX kernel commands for general use (HO)
)
("C:\Program Files\MiKTeX\tex/generic/iftex\iftex.sty"
Package: iftex 2020/03/06 v1.0d TeX engine tests
)
("C:\Program Files\MiKTeX\tex/generic/pdftexcmds\pdftexcmds.sty"
Package: pdftexcmds 2020-06-27 v0.33 Utility functions of pdfTeX for LuaTeX (HO
)

(C:\Users\jyotishka\AppData\Roaming\MiKTeX\tex/generic/infwarerr\infwarerr.sty
Package: infwarerr 2019/12/03 v1.5 Providing info/warning/error messages (HO)
)
Package pdftexcmds Info: \pdf@primitive is available.
Package pdftexcmds Info: \pdf@ifprimitive is available.
Package pdftexcmds Info: \pdfdraftmode found.
)
(C:\Users\jyotishka\AppData\Roaming\MiKTeX\tex/generic/kvsetkeys\kvsetkeys.sty
Package: kvsetkeys 2019/12/15 v1.18 Key value parser (HO)
)
(C:\Users\jyotishka\AppData\Roaming\MiKTeX\tex/generic/kvdefinekeys\kvdefinekey
s.sty
Package: kvdefinekeys 2019-12-19 v1.6 Define keys (HO)
)
(C:\Users\jyotishka\AppData\Roaming\MiKTeX\tex/generic/pdfescape\pdfescape.sty
Package: pdfescape 2019/12/09 v1.15 Implements pdfTeX's escape features (HO)
) (C:\Users\jyotishka\AppData\Roaming\MiKTeX\tex/latex/hycolor\hycolor.sty
Package: hycolor 2020-01-27 v1.10 Color options for hyperref/bookmark (HO)
)
(C:\Users\jyotishka\AppData\Roaming\MiKTeX\tex/latex/letltxmacro\letltxmacro.st
y
Package: letltxmacro 2019/12/03 v1.6 Let assignment for LaTeX macros (HO)
) (C:\Users\jyotishka\AppData\Roaming\MiKTeX\tex/latex/auxhook\auxhook.sty
Package: auxhook 2019-12-17 v1.6 Hooks for auxiliary files (HO)
)
(C:\Users\jyotishka\AppData\Roaming\MiKTeX\tex/latex/kvoptions\kvoptions.sty
Package: kvoptions 2020-10-07 v3.14 Key value format for package options (HO)
)
\@linkdim=\dimen153
\Hy@linkcounter=\count272
\Hy@pagecounter=\count273

("C:\Program Files\MiKTeX\tex/latex/hyperref\pd1enc.def"
File: pd1enc.def 2020-05-15 v7.00e Hyperref: PDFDocEncoding definition (HO)
Now handling font encoding PD1 ...
... no UTF-8 mapping file for font encoding PD1
)
(C:\Users\jyotishka\AppData\Roaming\MiKTeX\tex/generic/intcalc\intcalc.sty
Package: intcalc 2019/12/15 v1.3 Expandable calculations with integers (HO)
)
(C:\Users\jyotishka\AppData\Roaming\MiKTeX\tex/generic/etexcmds\etexcmds.sty
Package: etexcmds 2019/12/15 v1.7 Avoid name clashes with e-TeX commands (HO)
)
\Hy@SavedSpaceFactor=\count274
Package hyperref Info: Option `colorlinks' set `true' on input line 4338.
Package hyperref Info: Option `linktocpage' set `true' on input line 4338.
Package hyperref Info: Option `colorlinks' set `true' on input line 4338.
Package hyperref Info: Hyper figures OFF on input line 4464.
Package hyperref Info: Link nesting OFF on input line 4469.
Package hyperref Info: Hyper index ON on input line 4472.
Package hyperref Info: Plain pages OFF on input line 4479.
Package hyperref Info: Backreferencing ON on input line 4482.
Package hyperref Info: Implicit mode ON; LaTeX internals redefined.
Package hyperref Info: Bookmarks ON on input line 4717.

("C:\Program Files\MiKTeX\tex/latex/hyperref\backref.sty"
Package: backref 2020/01/14 v1.40 Bibliographical back referencing

(C:\Users\jyotishka\AppData\Roaming\MiKTeX\tex/latex/rerunfilecheck\rerunfilech
eck.sty
Package: rerunfilecheck 2019/12/05 v1.9 Rerun checks for auxiliary files (HO)
 ("C:\Program Files\MiKTeX\tex/latex/base\atveryend-ltx.sty"
Package: atveryend-ltx 2020/08/19 v1.0a Emulation of the original atvery packag
e
with kernel methods
)
(C:\Users\jyotishka\AppData\Roaming\MiKTeX\tex/generic/uniquecounter\uniquecoun
ter.sty
Package: uniquecounter 2019/12/15 v1.4 Provide unlimited unique counter (HO)

(C:\Users\jyotishka\AppData\Roaming\MiKTeX\tex/generic/bigintcalc\bigintcalc.st
y
Package: bigintcalc 2019/12/15 v1.5 Expandable calculations on big integers (HO
)
))
Package uniquecounter Info: New unique counter `rerunfilecheck' on input line 2
86.
))
\c@Hy@tempcnt=\count275
 ("C:\Program Files\MiKTeX\tex/latex/url\url.sty"
\Urlmuskip=\muskip17
Package: url 2013/09/16  ver 3.4  Verb mode for urls, etc.
)
LaTeX Info: Redefining \url on input line 5076.
\XeTeXLinkMargin=\dimen154

(C:\Users\jyotishka\AppData\Roaming\MiKTeX\tex/generic/bitset\bitset.sty
Package: bitset 2019/12/09 v1.3 Handle bit-vector datatype (HO)
)
\Fld@menulength=\count276
\Field@Width=\dimen155
\Fld@charsize=\dimen156
Package hyperref Info: Hyper figures OFF on input line 6347.
Package hyperref Info: Link nesting OFF on input line 6352.
Package hyperref Info: Hyper index ON on input line 6355.
Package hyperref Info: backreferencing ON on input line 6360.
Package hyperref Info: Link coloring ON on input line 6365.
Package hyperref Info: Link coloring with OCG OFF on input line 6372.
Package hyperref Info: PDF/A mode OFF on input line 6377.
LaTeX Info: Redefining \ref on input line 6417.
LaTeX Info: Redefining \pageref on input line 6421.

("C:\Program Files\MiKTeX\tex/latex/base\atbegshi-ltx.sty"
Package: atbegshi-ltx 2020/08/17 v1.0a Emulation of the original atbegshi packa
ge
with kernel methods
)
\Hy@abspage=\count277
\c@Item=\count278
\c@Hfootnote=\count279
)
Package hyperref Info: Driver (autodetected): hpdftex.

("C:\Program Files\MiKTeX\tex/latex/hyperref\hpdftex.def"
File: hpdftex.def 2020-05-15 v7.00e Hyperref driver for pdfTeX
\Fld@listcount=\count280
\c@bookmark@seq@number=\count281
\Hy@SectionHShift=\skip57
)
("C:\Program Files\MiKTeX\tex/latex/graphics\graphicx.sty"
Package: graphicx 2020/09/09 v1.2b Enhanced LaTeX Graphics (DPC,SPQR)

("C:\Program Files\MiKTeX\tex/latex/graphics\graphics.sty"
Package: graphics 2020/08/30 v1.4c Standard LaTeX Graphics (DPC,SPQR)

("C:\Program Files\MiKTeX\tex/latex/graphics\trig.sty"
Package: trig 2016/01/03 v1.10 sin cos tan (DPC)
)
("C:\Program Files\MiKTeX\tex/latex/graphics-cfg\graphics.cfg"
File: graphics.cfg 2016/06/04 v1.11 sample graphics configuration
)
Package graphics Info: Driver file: pdftex.def on input line 105.

("C:\Program Files\MiKTeX\tex/latex/graphics-def\pdftex.def"
File: pdftex.def 2020/10/05 v1.2a Graphics/color driver for pdftex
))
\Gin@req@height=\dimen157
\Gin@req@width=\dimen158
)
(C:\Users\jyotishka\AppData\Roaming\MiKTeX\tex/latex/wrapfig\wrapfig.sty
\wrapoverhang=\dimen159
\WF@size=\dimen160
\c@WF@wrappedlines=\count282
\WF@box=\box52
\WF@everypar=\toks29
Package: wrapfig 2003/01/31  v 3.6
)
("C:\Program Files\MiKTeX\tex/latex/epstopdf-pkg\epstopdf.sty"
Package: epstopdf 2020-01-24 v2.11 Conversion with epstopdf on the fly (HO)

(C:\Users\jyotishka\AppData\Roaming\MiKTeX\tex/latex/grfext\grfext.sty
Package: grfext 2019/12/03 v1.3 Manage graphics extensions (HO)
)
("C:\Program Files\MiKTeX\tex/latex/epstopdf-pkg\epstopdf-base.sty"
Package: epstopdf-base 2020-01-24 v2.11 Base part for package epstopdf
Package epstopdf-base Info: Redefining graphics rule for `.eps' on input line 4
85.
Package grfext Info: Graphics extension search list:
(grfext)             [.pdf,.png,.jpg,.mps,.jpeg,.jbig2,.jb2,.PDF,.PNG,.JPG,.JPE
G,.JBIG2,.JB2,.eps]
(grfext)             \AppendGraphicsExtensions on input line 504.
))
(C:\Users\jyotishka\AppData\Roaming\MiKTeX\tex/latex/caption\subcaption.sty
Package: subcaption 2020/10/07 v1.3j Sub-captions (AR)

(C:\Users\jyotishka\AppData\Roaming\MiKTeX\tex/latex/caption\caption.sty
Package: caption 2020/10/26 v3.5g Customizing captions (AR)

(C:\Users\jyotishka\AppData\Roaming\MiKTeX\tex/latex/caption\caption3.sty
Package: caption3 2020/10/21 v2.2e caption3 kernel (AR)
\captionmargin=\dimen161
\captionmargin@=\dimen162
\captionwidth=\dimen163
\caption@tempdima=\dimen164
\caption@indent=\dimen165
\caption@parindent=\dimen166
\caption@hangindent=\dimen167
Package caption Info: Unknown document class (or package),
(caption)             standard defaults will be used.
Package caption Info: \@makecaption = \long macro:#1#2->\vskip \abovecaptionski
p \figurecaption@size \sbox \@tempboxa {{\figurename@size #1}\figurename@skip #
2}\ifdim \wd \@tempboxa >\hsize {\figurename@size #1}\figurename@skip #2\par \e
lse \global \@minipagefalse \hb@xt@ \hsize {\hfil \box \@tempboxa \hfil }\fi \v
skip \belowcaptionskip  on input line 1139.
)

Package caption Warning: Unknown document class (or package),
(caption)                standard defaults will be used.
See the caption package documentation for explanation.

\c@caption@flags=\count283
\c@continuedfloat=\count284
Package caption Info: hyperref package is loaded.
Package caption Info: wrapfig package is loaded.
)
\c@subfigure=\count285
\c@subtable=\count286
) (C:\Users\jyotishka\AppData\Roaming\MiKTeX\tex/latex/multirow\multirow.sty
Package: multirow 2021/01/02 v2.6 Span multiple rows of a table
\multirow@colwidth=\skip58
\multirow@cntb=\count287
\multirow@dima=\skip59
\bigstrutjot=\dimen168
)
(C:\Users\jyotishka\AppData\Roaming\MiKTeX\tex/latex/units\nicefrac.sty
Package: nicefrac 1998/08/04 v0.9b Nice fractions
\L@UnitsRaiseDisplaystyle=\skip60
\L@UnitsRaiseTextstyle=\skip61
\L@UnitsRaiseScriptstyle=\skip62

("C:\Program Files\MiKTeX\tex/latex/base\ifthen.sty"
Package: ifthen 2014/09/29 v1.1c Standard LaTeX ifthen package (DPC)
))
(C:\Users\jyotishka\AppData\Roaming\MiKTeX\tex/latex/float\float.sty
Package: float 2001/11/08 v1.3d Float enhancements (AL)
\c@float@type=\count288
\float@exts=\toks30
\float@box=\box53
\@float@everytoks=\toks31
\@floatcapt=\box54
)
(C:\Users\jyotishka\AppData\Roaming\MiKTeX\tex/latex/titlesec\titlesec.sty
Package: titlesec 2019/10/16 v2.13 Sectioning titles
\ttl@box=\box55
\beforetitleunit=\skip63
\aftertitleunit=\skip64
\ttl@plus=\dimen169
\ttl@minus=\dimen170
\ttl@toksa=\toks32
\titlewidth=\dimen171
\titlewidthlast=\dimen172
\titlewidthfirst=\dimen173
)
("C:\Program Files\MiKTeX\tex/latex/latex-tools\array.sty"
Package: array 2020/10/01 v2.5c Tabular extension package (FMi)
\col@sep=\dimen174
\ar@mcellbox=\box56
\extrarowheight=\dimen175
\NC@list=\toks33
\extratabsurround=\skip65
\backup@length=\skip66
\ar@cellbox=\box57
)
(C:\Users\jyotishka\AppData\Roaming\MiKTeX\tex/latex/algorithm2e\algorithm2e.st
y
Package: algorithm2e 2017/07/18 v5.2 algorithms environments
\c@AlgoLine=\count289
\algocf@hangindent=\skip67
 (C:\Users\jyotishka\AppData\Roaming\MiKTeX\tex/latex/ifoddpage\ifoddpage.sty
Package: ifoddpage 2016/04/23 v1.1 Conditionals for odd/even page detection
\c@checkoddpage=\count290
) ("C:\Program Files\MiKTeX\tex/latex/latex-tools\xspace.sty"
Package: xspace 2014/10/28 v1.13 Space after command names (DPC,MH)
)
(C:\Users\jyotishka\AppData\Roaming\MiKTeX\tex/latex/relsize\relsize.sty
Package: relsize 2013/03/29 ver 4.1
)
\skiptotal=\skip68
\skiplinenumber=\skip69
\skiprule=\skip70
\skiphlne=\skip71
\skiptext=\skip72
\skiplength=\skip73
\algomargin=\skip74
\skipalgocfslide=\skip75
\algowidth=\dimen176
\inoutsize=\dimen177
\inoutindent=\dimen178
\interspacetitleruled=\dimen179
\interspacealgoruled=\dimen180
\interspacetitleboxruled=\dimen181
\algocf@ruledwidth=\skip76
\algocf@inoutbox=\box58
\algocf@inputbox=\box59
\AlCapSkip=\skip77
\AlCapHSkip=\skip78
\algoskipindent=\skip79
\algocf@nlbox=\box60
\algocf@hangingbox=\box61
\algocf@untilbox=\box62
\algocf@skipuntil=\skip80
\algocf@capbox=\box63
\algocf@lcaptionbox=\skip81
\algoheightruledefault=\skip82
\algoheightrule=\skip83
\algotitleheightruledefault=\skip84
\algotitleheightrule=\skip85
\c@algocfline=\count291
\c@algocfproc=\count292
\c@algocf=\count293
\algocf@algoframe=\box64
\algocf@algobox=\box65
)
\@input{math-commandsB.aux}
\openout2 = `math-commandsB.aux'.

(math-commandsB.tex
\c@theorem=\count294

(C:\Users\jyotishka\AppData\Roaming\MiKTeX\tex/latex/booktabs\booktabs.sty
Package: booktabs 2020/01/12 v1.61803398 Publication quality tables
\heavyrulewidth=\dimen182
\lightrulewidth=\dimen183
\cmidrulewidth=\dimen184
\belowrulesep=\dimen185
\belowbottomsep=\dimen186
\aboverulesep=\dimen187
\abovetopsep=\dimen188
\cmidrulesep=\dimen189
\cmidrulekern=\dimen190
\defaultaddspace=\dimen191
\@cmidla=\count295
\@cmidlb=\count296
\@aboverulesep=\dimen192
\@belowrulesep=\dimen193
\@thisruleclass=\count297
\@lastruleclass=\count298
\@thisrulewidth=\dimen194
)
\rowc=\count299
)
("C:\Program Files\MiKTeX\tex/latex/l3backend\l3backend-pdftex.def"
File: l3backend-pdftex.def 2021-01-09 L3 backend support: PDF output (pdfTeX)
\l__kernel_color_stack_int=\count300
\l__pdf_internal_box=\box66
)
(bayes-sql-fmt-1106.aux

LaTeX Warning: Label `addr2thanks' multiply defined.


LaTeX Warning: Label `eq:v_i' multiply defined.

)
\openout1 = `bayes-sql-fmt-1106.aux'.

LaTeX Font Info:    Checking defaults for OML/cmm/m/it on input line 103.
LaTeX Font Info:    ... okay on input line 103.
LaTeX Font Info:    Checking defaults for OMS/cmsy/m/n on input line 103.
LaTeX Font Info:    ... okay on input line 103.
LaTeX Font Info:    Checking defaults for OT1/cmr/m/n on input line 103.
LaTeX Font Info:    ... okay on input line 103.
LaTeX Font Info:    Checking defaults for T1/cmr/m/n on input line 103.
LaTeX Font Info:    ... okay on input line 103.
LaTeX Font Info:    Checking defaults for TS1/cmr/m/n on input line 103.
LaTeX Font Info:    ... okay on input line 103.
LaTeX Font Info:    Checking defaults for OMX/cmex/m/n on input line 103.
LaTeX Font Info:    ... okay on input line 103.
LaTeX Font Info:    Checking defaults for U/cmr/m/n on input line 103.
LaTeX Font Info:    ... okay on input line 103.
LaTeX Font Info:    Checking defaults for PD1/pdf/m/n on input line 103.
LaTeX Font Info:    ... okay on input line 103.
 ("C:\Program Files\MiKTeX\tex/latex/base\fixltx2e.sty"
Package: fixltx2e 2016/12/29 v2.1a fixes to LaTeX (obsolete)
Applying: [2015/01/01] Old fixltx2e package on input line 46.


Package fixltx2e Warning: fixltx2e is not required with releases after 2015
(fixltx2e)                All fixes are now in the LaTeX kernel.
(fixltx2e)                See the latexrelease package for details.

Already applied: [0000/00/00] Old fixltx2e package on input line 53.
)

Package hyperref Warning: Token not allowed in a PDF string (PDFDocEncoding):
(hyperref)                removing `math shift' on input line 103.


Package hyperref Warning: Token not allowed in a PDF string (PDFDocEncoding):
(hyperref)                removing `\@ifnextchar' on input line 103.


Package hyperref Warning: Token not allowed in a PDF string (PDFDocEncoding):
(hyperref)                removing `math shift' on input line 103.


Package hyperref Warning: Token not allowed in a PDF string (PDFDocEncoding):
(hyperref)                removing `math shift' on input line 103.


Package hyperref Warning: Token not allowed in a PDF string (PDFDocEncoding):
(hyperref)                removing `\@ifnextchar' on input line 103.


Package hyperref Warning: Token not allowed in a PDF string (PDFDocEncoding):
(hyperref)                removing `math shift' on input line 103.

("C:\Program Files\MiKTeX\tex/latex/graphics\color.sty"
Package: color 2020/02/24 v1.2b Standard LaTeX Color (DPC)

("C:\Program Files\MiKTeX\tex/latex/graphics-cfg\color.cfg"
File: color.cfg 2016/01/02 v1.6 sample color configuration
)
Package color Info: Driver file: pdftex.def on input line 147.
)
Package hyperref Info: Link coloring ON on input line 103.

("C:\Program Files\MiKTeX\tex/latex/hyperref\nameref.sty"
Package: nameref 2019/09/16 v2.46 Cross-referencing by name of section

(C:\Users\jyotishka\AppData\Roaming\MiKTeX\tex/latex/refcount\refcount.sty
Package: refcount 2019/12/15 v3.6 Data extraction from label references (HO)
)
(C:\Users\jyotishka\AppData\Roaming\MiKTeX\tex/generic/gettitlestring\gettitles
tring.sty
Package: gettitlestring 2019/12/15 v1.6 Cleanup title references (HO)
)
\c@section@level=\count301
)
LaTeX Info: Redefining \ref on input line 103.
LaTeX Info: Redefining \pageref on input line 103.
LaTeX Info: Redefining \nameref on input line 103.
 (bayes-sql-fmt-1106.out) (bayes-sql-fmt-1106.out)
\@outlinefile=\write3
\openout3 = `bayes-sql-fmt-1106.out'.

Package backref Info: ** backref set up for natbib ** on input line 103.

("C:\Program Files\MiKTeX\tex/context/base/mkii\supp-pdf.mkii"
[Loading MPS to PDF converter (version 2006.09.02).]
\scratchcounter=\count302
\scratchdimen=\dimen195
\scratchbox=\box67
\nofMPsegments=\count303
\nofMParguments=\count304
\everyMPshowfont=\toks34
\MPscratchCnt=\count305
\MPscratchDim=\dimen196
\MPnumerator=\count306
\makeMPintoPDFobject=\count307
\everyMPtoPDFconversion=\toks35
)
Package caption Info: Begin \AtBeginDocument code.
Package caption Info: float package is loaded.
Package caption Info: End \AtBeginDocument code.
LaTeX Font Info:    External font `cmex10' loaded for size
(Font)              <17.28> on input line 110.
LaTeX Font Info:    External font `cmex10' loaded for size
(Font)              <12> on input line 110.
LaTeX Font Info:    External font `cmex10' loaded for size
(Font)              <7> on input line 115.
LaTeX Font Info:    External font `cmex10' loaded for size
(Font)              <5> on input line 115.
LaTeX Font Info:    External font `cmex10' loaded for size
(Font)              <9> on input line 155.
LaTeX Font Info:    External font `cmex10' loaded for size
(Font)              <6> on input line 155.


Package natbib Warning: Citation `belloni2011square' on page 1 undefined on inp
ut line 155.


Package natbib Warning: Citation `polson2010shrink' on page 1 undefined on inpu
t line 188.


Package natbib Warning: Citation `van2017adaptive' on page 1 undefined on input
 line 188.


Package natbib Warning: Citation `bhadra2017horseshoe' on page 1 undefined on i
nput line 188.


Package natbib Warning: Citation `tibshirani96' on page 1 undefined on input li
ne 190.


Package natbib Warning: Citation `zou2005regularization' on page 1 undefined on
 input line 190.

[1{C:/Users/jyotishka/AppData/Local/MiKTeX/pdftex/config/pdftex.map}




]

Package natbib Warning: Citation `castillo2015bayesian' on page 2 undefined on 
input line 215.


Package natbib Warning: Citation `mitchell88' on page 2 undefined on input line
 217.


Package natbib Warning: Citation `carvalho2010horseshoe' on page 2 undefined on
 input line 217.


Package natbib Warning: Citation `griffin2005alternative' on page 2 undefined o
n input line 227.


Package natbib Warning: Citation `armagan2013generalized' on page 2 undefined o
n input line 227.


Package natbib Warning: Citation `armagan2011generalized' on page 2 undefined o
n input line 227.


Package natbib Warning: Citation `bhattacharya2014dirichlet' on page 2 undefine
d on input line 227.


Package natbib Warning: Citation `rovckova2016spike' on page 2 undefined on inp
ut line 227.


Package natbib Warning: Citation `bhadra2015horseshoe+' on page 2 undefined on 
input line 227.


Package natbib Warning: Citation `zhang2016high' on page 2 undefined on input l
ine 227.


Package natbib Warning: Citation `belloni2011square' on page 2 undefined on inp
ut line 232.


Package natbib Warning: Citation `giraud2014introduction' on page 2 undefined o
n input line 232.

[2]

Package natbib Warning: Citation `belloni2011square' on page 3 undefined on inp
ut line 240.


Package natbib Warning: Citation `sun2012scaled' on page 3 undefined on input l
ine 242.


Package natbib Warning: Citation `giraud2014introduction' on page 3 undefined o
n input line 242.


Package natbib Warning: Citation `sun2012scaled' on page 3 undefined on input l
ine 250.


Package natbib Warning: Citation `giraud2012high' on page 3 undefined on input 
line 252.


Package natbib Warning: Citation `chatterjee2011bootstrap' on page 3 undefined 
on input line 254.

[3]

Package natbib Warning: Citation `polson2015proximal' on page 4 undefined on in
put line 256.


LaTeX Warning: Reference `sec:post-prop' on page 4 undefined on input line 258.


LaTeX Font Info:    External font `cmex10' loaded for size
(Font)              <14.4> on input line 263.
LaTeX Font Info:    External font `cmex10' loaded for size
(Font)              <8> on input line 264.

Package hyperref Warning: Token not allowed in a PDF string (PDFDocEncoding):
(hyperref)                removing `math shift' on input line 264.


Package hyperref Warning: Token not allowed in a PDF string (PDFDocEncoding):
(hyperref)                removing `\@ifnextchar' on input line 264.


Package hyperref Warning: Token not allowed in a PDF string (PDFDocEncoding):
(hyperref)                removing `math shift' on input line 264.


Package natbib Warning: Citation `andrews_scale_1974' on page 4 undefined on in
put line 265.


Package natbib Warning: Citation `levy1940certains' on page 4 undefined on inpu
t line 265.


Package natbib Warning: Citation `park_bayesian_2008' on page 4 undefined on in
put line 281.

[4]

Package hyperref Warning: Token not allowed in a PDF string (PDFDocEncoding):
(hyperref)                removing `math shift' on input line 317.


Package hyperref Warning: Token not allowed in a PDF string (PDFDocEncoding):
(hyperref)                removing `\@ifnextchar' on input line 317.


Package hyperref Warning: Token not allowed in a PDF string (PDFDocEncoding):
(hyperref)                removing `math shift' on input line 317.


Package natbib Warning: Citation `castillo2015bayesian' on page 5 undefined on 
input line 319.


Package natbib Warning: Citation `castillo2015bayesian' on page 5 undefined on 
input line 319.

[5]

Package natbib Warning: Citation `van2017adaptive' on page 6 undefined on input
 line 330.


Package natbib Warning: Citation `bhattacharya2014dirichlet' on page 6 undefine
d on input line 332.


Package natbib Warning: Citation `bhattacharya2014dirichlet' on page 6 undefine
d on input line 334.


Package natbib Warning: Citation `bhattacharya2014dirichlet' on page 6 undefine
d on input line 338.


Package natbib Warning: Citation `bhattacharya2014dirichlet' on page 6 undefine
d on input line 338.

[6]

Package hyperref Warning: Token not allowed in a PDF string (PDFDocEncoding):
(hyperref)                removing `math shift' on input line 415.


Package hyperref Warning: Token not allowed in a PDF string (PDFDocEncoding):
(hyperref)                removing `\@ifnextchar' on input line 415.


Package hyperref Warning: Token not allowed in a PDF string (PDFDocEncoding):
(hyperref)                removing `math shift' on input line 415.


Package natbib Warning: Citation `bhattacharya2014dirichlet' on page 7 undefine
d on input line 417.


Package natbib Warning: Citation `bhattacharya2014dirichlet' on page 7 undefine
d on input line 417.


Overfull \hbox (1.76143pt too wide) in paragraph at lines 421--422
[][]\OT1/cmr/bx/n/10 Theorem 1. []\OT1/cmr/m/it/10 The joint pos-te-rior of $\O
T1/cmr/m/n/10 [[] \OMS/cmsy/m/n/10 j []\OT1/cmr/m/n/10 ]$ \OT1/cmr/m/it/10 has 
the same dis-tri-bu-tion as $[]$,
 []

[7] [8]

Package natbib Warning: Citation `li2017variable' on page 9 undefined on input 
line 499.

[9]

Package natbib Warning: Citation `buhlmann2011statistics' on page 10 undefined 
on input line 547.


Package natbib Warning: Citation `zhao2006model' on page 10 undefined on input 
line 553.

[10]
<./art//Irrep_model_selec_n100p60_q50_2groups.pdf, id=177, 499.8675pt x 498.863
75pt>
File: ./art//Irrep_model_selec_n100p60_q50_2groups.pdf Graphic file (type pdf)
<use ./art//Irrep_model_selec_n100p60_q50_2groups.pdf>
Package pdftex.def Info: ./art//Irrep_model_selec_n100p60_q50_2groups.pdf  used
 on input line 564.
(pdftex.def)             Requested size: 170.54884pt x 170.20517pt.
<./art//Irrep_MSE_selec_n100p60_q50_2groups.pdf, id=178, 499.8675pt x 498.86375
pt>
File: ./art//Irrep_MSE_selec_n100p60_q50_2groups.pdf Graphic file (type pdf)
<use ./art//Irrep_MSE_selec_n100p60_q50_2groups.pdf>
Package pdftex.def Info: ./art//Irrep_MSE_selec_n100p60_q50_2groups.pdf  used o
n input line 570.
(pdftex.def)             Requested size: 170.54884pt x 170.20517pt.
 [11 <./art//Irrep_model_selec_n100p60_q50_2groups.pdf> <./art//Irrep_MSE_selec
_n100p60_q50_2groups.pdf>]
Overfull \hbox (23.39992pt too wide) in paragraph at lines 605--618
 [] 
 []


LaTeX Warning: `!h' float specifier changed to `!ht'.

[12]

Package natbib Warning: Citation `tang2016bayesian' on page 13 undefined on inp
ut line 624.


Overfull \hbox (19.14986pt too wide) in paragraph at lines 632--645
 [] 
 []

<./art//Sparsity_MSP_n=p.pdf, id=215, 513.92pt x 504.88625pt>
File: ./art//Sparsity_MSP_n=p.pdf Graphic file (type pdf)
<use ./art//Sparsity_MSP_n=p.pdf>
Package pdftex.def Info: ./art//Sparsity_MSP_n=p.pdf  used on input line 653.
(pdftex.def)             Requested size: 303.20232pt x 144.5412pt.
<./art//Sparsity_MSE_high_n=p.pdf, id=216, 860.21375pt x 498.86375pt>
File: ./art//Sparsity_MSE_high_n=p.pdf Graphic file (type pdf)
<use ./art//Sparsity_MSE_high_n=p.pdf>
Package pdftex.def Info: ./art//Sparsity_MSE_high_n=p.pdf  used on input line 6
60.
(pdftex.def)             Requested size: 303.20569pt x 144.53737pt.

Overfull \hbox (14.8998pt too wide) in paragraph at lines 672--685
 [] 
 []

[13] [14 <./art//Sparsity_MSP_n=p.pdf> <./art//Sparsity_MSE_high_n=p.pdf>]
Overfull \hbox (29.38954pt too wide) in paragraph at lines 716--717
[]\OT1/cmr/m/n/10 On the other hand, we also saw in Fig [][]2a[][] and Fig. [][
]2b[][], how the Dirichlet-$[]$performance
 []

<./art//Tau_hs.pdf, id=243, 619.31375pt x 425.59pt>
File: ./art//Tau_hs.pdf Graphic file (type pdf)
<use ./art//Tau_hs.pdf>
Package pdftex.def Info: ./art//Tau_hs.pdf  used on input line 721.
(pdftex.def)             Requested size: 210.33708pt x 144.54pt.

Overfull \hbox (28.4187pt too wide) in paragraph at lines 721--721
 [][] 
 []

<./art//Tau_dl.pdf, id=244, 619.31375pt x 425.59pt>
File: ./art//Tau_dl.pdf Graphic file (type pdf)
<use ./art//Tau_dl.pdf>
Package pdftex.def Info: ./art//Tau_dl.pdf  used on input line 726.
(pdftex.def)             Requested size: 210.33708pt x 144.54pt.

Overfull \hbox (28.4187pt too wide) in paragraph at lines 726--726
 [][] 
 []


Package natbib Warning: Citation `datta2016bayesian' on page 15 undefined on in
put line 734.


LaTeX Warning: Reference `fig:effect-sigma' on page 15 undefined on input line 
744.

[15 <./art//Tau_hs.pdf> <./art//Tau_dl.pdf>]

Package natbib Warning: Citation `Rajaratnam2017Gibbs' on page 16 undefined on 
input line 746.


Package natbib Warning: Citation `Khare2014ergodicity' on page 16 undefined on 
input line 746.


Package natbib Warning: Citation `Khare2013blasso_ergodicity' on page 16 undefi
ned on input line 750.


Package natbib Warning: Citation `Khare2014ergodicity' on page 16 undefined on 
input line 750.


Package natbib Warning: Citation `Rajaratnam2017Gibbs' on page 16 undefined on 
input line 750.


Package natbib Warning: Citation `Rajaratnam2017Gibbs' on page 16 undefined on 
input line 752.


Package natbib Warning: Citation `Rajaratnam2017Gibbs' on page 16 undefined on 
input line 754.

[16]

Package natbib Warning: Citation `Rajaratnam2017Gibbs' on page 17 undefined on 
input line 771.


Package natbib Warning: Citation `Rajaratnam2017Gibbs' on page 17 undefined on 
input line 771.


Package natbib Warning: Citation `polson2010shrink' on page 17 undefined on inp
ut line 783.


Package natbib Warning: Citation `van2017adaptive' on page 17 undefined on inpu
t line 783.


Package natbib Warning: Citation `van2014horseshoe' on page 17 undefined on inp
ut line 783.


Package natbib Warning: Citation `van2017adaptive' on page 17 undefined on inpu
t line 785.

[17]

Package natbib Warning: Citation `van2017adaptive' on page 18 undefined on inpu
t line 787.


Package natbib Warning: Citation `datta2013asymptotic' on page 18 undefined on 
input line 787.


Package natbib Warning: Citation `van2014horseshoe' on page 18 undefined on inp
ut line 787.


Package natbib Warning: Citation `van2015conditions' on page 18 undefined on in
put line 787.


Package natbib Warning: Citation `datta2013asymptotic' on page 18 undefined on 
input line 789.


Package natbib Warning: Citation `van2014horseshoe' on page 18 undefined on inp
ut line 789.

(bayes-sql-fmt-1106.bbl)

Package natbib Warning: There were undefined citations.

[18] (bayes-sql-fmt-1106.aux)

LaTeX Warning: There were undefined references.


LaTeX Warning: There were multiply-defined labels.

Package rerunfilecheck Info: File `bayes-sql-fmt-1106.out' has not changed.
(rerunfilecheck)             Checksum: 2E22DADBC4E12E1A17588ABDC66BCBFC;1064.
 ) 
Here is how much of TeX's memory you used:
 10790 strings out of 479618
 167972 string characters out of 2874890
 506044 words of memory out of 3000000
 27682 multiletter control sequences out of 15000+200000
 421772 words of font info for 87 fonts, out of 3000000 for 9000
 1141 hyphenation exceptions out of 8191
 98i,16n,102p,1658b,577s stack positions out of 5000i,500n,10000p,200000b,50000s
pdfTeX warning (dest): name{addr3} has been referenced but does not exist, re
placed by a fixed one

pdfTeX warning (dest): name{t1} has been referenced but does not exist, replace
d by a fixed one

pdfTeX warning (dest): name{addr2} has been referenced but does not exist, repl
aced by a fixed one

pdfTeX warning (dest): name{addr1} has been referenced but does not exist, repl
aced by a fixed one

pdfTeX warning (dest): name{T1} has been referenced but does not exist, replace
d by a fixed one

 <C:\Users\jyotishka\AppData\Local\MiKTeX\fonts/pk/ljfour/jknappen/ec/dpi600\tc
rm1000.pk> <C:\Users\jyotishka\AppData\Local\MiKTeX\fonts/pk/ljfour/jknappen/ec
/dpi600\tcrm0700.pk> <C:\Users\jyotishka\AppData\Local\MiKTeX\fonts/pk/ljfour/j
knappen/ec/dpi600\tcrm1200.pk><C:/Program Files/MiKTeX/fonts/type1/public/amsfo
nts/cm/cmbsy10.pfb><C:/Program Files/MiKTeX/fonts/type1/public/amsfonts/cm/cmbx
10.pfb><C:/Program Files/MiKTeX/fonts/type1/public/amsfonts/cm/cmbx7.pfb><C:/Pr
ogram Files/MiKTeX/fonts/type1/public/amsfonts/cm/cmex10.pfb><C:/Program Files/
MiKTeX/fonts/type1/public/amsfonts/cm/cmmi10.pfb><C:/Program Files/MiKTeX/fonts
/type1/public/amsfonts/cm/cmmi5.pfb><C:/Program Files/MiKTeX/fonts/type1/public
/amsfonts/cm/cmmi7.pfb><C:/Program Files/MiKTeX/fonts/type1/public/amsfonts/cm/
cmmi9.pfb><C:/Program Files/MiKTeX/fonts/type1/public/amsfonts/cm/cmmib10.pfb><
C:/Program Files/MiKTeX/fonts/type1/public/amsfonts/cmextra/cmmib7.pfb><C:/Prog
ram Files/MiKTeX/fonts/type1/public/amsfonts/cm/cmr10.pfb><C:/Program Files/MiK
TeX/fonts/type1/public/amsfonts/cm/cmr12.pfb><C:/Program Files/MiKTeX/fonts/typ
e1/public/amsfonts/cm/cmr17.pfb><C:/Program Files/MiKTeX/fonts/type1/public/ams
fonts/cm/cmr5.pfb><C:/Program Files/MiKTeX/fonts/type1/public/amsfonts/cm/cmr7.
pfb><C:/Program Files/MiKTeX/fonts/type1/public/amsfonts/cm/cmr8.pfb><C:/Progra
m Files/MiKTeX/fonts/type1/public/amsfonts/cm/cmr9.pfb><C:/Program Files/MiKTeX
/fonts/type1/public/amsfonts/cm/cmssbx10.pfb><C:/Program Files/MiKTeX/fonts/typ
e1/public/amsfonts/cm/cmsy10.pfb><C:/Program Files/MiKTeX/fonts/type1/public/am
sfonts/cm/cmsy5.pfb><C:/Program Files/MiKTeX/fonts/type1/public/amsfonts/cm/cms
y6.pfb><C:/Program Files/MiKTeX/fonts/type1/public/amsfonts/cm/cmsy7.pfb><C:/Pr
ogram Files/MiKTeX/fonts/type1/public/amsfonts/cm/cmsy8.pfb><C:/Program Files/M
iKTeX/fonts/type1/public/amsfonts/cm/cmsy9.pfb><C:/Program Files/MiKTeX/fonts/t
ype1/public/amsfonts/cm/cmti10.pfb><C:/Program Files/MiKTeX/fonts/type1/public/
amsfonts/cm/cmtt8.pfb>
Output written on bayes-sql-fmt-1106.pdf (18 pages, 415097 bytes).
PDF statistics:
 390 PDF objects out of 1000 (max. 8388607)
 73 named destinations out of 1000 (max. 500000)
 143 words of extra memory for PDF output out of 10000 (max. 10000000)

